Based on your expertise, teaching style, and goals, here's a minimalist yet effective workshop structure. I'll focus on conceptual depth over code completion while maximizing your 2-hour Linux workflow:

### **Workshop Philosophy**
**Core Mantra:** "Streams > Firebase"
*Teach the abstraction (Streams), not the implementation (Firebase).*

---

### **Workshop Structure**
*(Total: 120 min)*

#### **1. Conceptual Foundation (20 min)**
- **Slide 1:** "The Real-Time Illusion"
  - Polling vs. Sockets vs. Streams (whiteboard-style diagram)
  - Firebase = Managed WebSockets (not magic)
  - Key insight: **`Stream<T>` is the universal interface**
- **Slide 2:** App Architecture
  - Show this clean dependency graph:
    ```mermaid
    graph LR
    UI-->StreamBuilder
    StreamBuilder-->Firestore
    Firestore-->WebSocket
    ```

#### **2. Firebase Setup (15 min)**
- **Pre-baked solution:**
  ```bash
  wget https://your.domain/firebase_config.zip && unzip firebase_config.zip
  ```
- **Terminal Demo:**
  - `flutter pub add firebase_core cloud_firestore firebase_auth`
  - Show ONLY critical parts of `android/app/build.gradle`
- **Purist Note:**
  *"This is a development cheat - production requires proper setup"*

#### **3. Auth Implementation (15 min)**
- **Code Snippet Focus:**
  ```dart
  Future<void> _authAnon() async {
    try {
      // Minimalist auth state management
      _user = (await FirebaseAuth.instance.signInAnonymously()).user;
    } catch (e) { /* Purist error handling */ }
  }
  ```
- **Key Teaching:**
  - "Notice how `signInAnonymously()` returns a `Future` - this is async I/O"

#### **4. StreamBuilder Deep Dive (25 min)**
- **Core Code Only:**
  ```dart
  StreamBuilder<QuerySnapshot>(
    stream: FirebaseFirestore.instance.collection('messages').snapshots(),
    builder: (context, snapshot) {
      if (!snapshot.hasData) return const MinimalistLoading();
      return _buildHorizontalStacks(snapshot.data!); // Your custom view
    }
  )
  ```
- **Critical Insight:**
  *"Swap `FirebaseFirestore` with any `Stream` source tomorrow"*

#### **5. Your Custom UI System (30 min)**
**Implement the 4-view stack:**
```dart
IndexedStack(
  index: _authState == null ? 0 : 1,
  children: [
    AuthCard(onAuth: _handleAuth),    // View 1
    MessageComposer(onSend: _send),   // View 2
    HorizontalMessageFlow(            // View 3
      streams: _splitMessages(snapshot)
    ),
    ConfigDownloader()                // View 4
  ],
)
```

**Horizontal Flow Technique:**
```dart
List<Widget> _splitMessages(QuerySnapshot snapshot) {
  final buckets = List.generate(4, (_) => <Message>[]);
  for (var i = 0; i < snapshot.docs.length; i++) {
    buckets[i % 4].add(Message.fromDoc(snapshot.docs[i]));
  }
  return buckets.map((list) => HorizontalList(messages: list)).toList();
}
```

#### **6. Live Simulation (10 min)**
**Background Task:**
```dart
void _simulateMessages() {
  Timer.periodic(const Duration(seconds: 15), (_) {
    final fakeUsers = ['elitist@flutter.io', 'purist@dart.dev'];
    final random = Random();
    FirebaseFirestore.instance.collection('messages').add({
      'text': _deepQuotes[random.nextInt(_deepQuotes.length)],
      'user': fakeUsers[random.nextInt(fakeUsers.length)],
      'time': FieldValue.serverTimestamp()
    });
  });
}
```

#### **7. Q&A + Debugging (5 min)**
- Pre-prepared error cases:
  - Intentionally break Stream subscription to show error UI
  - Hot-reload vs. full restart for Firebase issues

---

### **Pedagogical Tactics**
1. **Anti-Tutorial Approach:**
   - Start by showing the **finished app**
   - "Reverse-engineer" each component

2. **Minimalist Visuals:**
   ```mermaid
   graph TD
   Problem-->Abstraction
   Abstraction-->Implementation
   ```
   *(Use this diagram repeatedly)*

3. **Linux Speed Tricks:**
   - Pre-written code snippets in `vim` buffers
   - Use `tmux` with:
     - Window 1: IDE
     - Window 2: Firebase console
     - Window 3: `watch -n 1 'firebase logs:read'`

4. **Elitist Quips:**
   - "If you're not handling streams, you're doing real-time wrong"
   - "Firebase is implementation detail - the abstraction is what matters"

---

### **Slides-to-Code Transition Plan**
| Time    | Slide Content                     | Action                     |
|---------|-----------------------------------|----------------------------|
| 0-20m   | Concepts/Architecture             | Fullscreen slides          |
| 20-45m  | Firebase setup                    | Slides + Live terminal    |
| 45-70m  | Auth/StreamBuilder               | IDE with pre-opened files |
| 70-100m | UI Implementation                 | Full IDE focus            |
| 100-110m| Simulation/Debugging             | IDE + Terminal split      |
| 110-120m| Q&A                              | Return to slides          |

---

### **Critical Simplifications**
1. **Auth Bypass:**
   ```dart
   // In production, NEVER do this:
   FirebaseFirestore.instance.settings =
    const Settings(host: 'localhost:8080', sslEnabled: false);
   ```

2. **Email Parsing:**
   ```dart
   String _parseEmail(String email) => email.split('@').first;
   ```

3. **Auto-scroll:**
   ```dart
   void _scrollToEnd() {
    WidgetsBinding.instance.addPostFrameCallback((_) {
      if (_scrollController.hasClients) {
        _scrollController.jumpTo(_scrollController.position.maxScrollExtent);
      }
    });
   }
   ```

This structure maintains your purist approach while delivering maximum conceptual value in minimal time. The horizontal message flow implementation is intentionally abstract to encourage deeper thought about data partitioning.
